{"E:\\Documents\\EPSI\\projet-auto-test\\__test__\\sum.js": {"path":"E:\\Documents\\EPSI\\projet-auto-test\\__test__\\sum.js","statementMap":{"0":{"start":{"line":2,"column":4},"end":{"line":2,"column":17}},"1":{"start":{"line":4,"column":2},"end":{"line":4,"column":23}}},"fnMap":{"0":{"name":"sum","decl":{"start":{"line":1,"column":9},"end":{"line":1,"column":12}},"loc":{"start":{"line":1,"column":19},"end":{"line":3,"column":3}},"line":1}},"branchMap":{},"s":{"0":2,"1":1},"f":{"0":2},"b":{},"_coverageSchema":"1a1c01bbd47fc00a2c39e90264f33305004495a9","hash":"eae8c3534c18ecf2580a5a7f734271bbe3bbf361"}
,"E:\\Documents\\EPSI\\projet-auto-test\\src\\markup\\pages\\home\\index.jsx": {"path":"E:\\Documents\\EPSI\\projet-auto-test\\src\\markup\\pages\\home\\index.jsx","statementMap":{"0":{"start":{"line":5,"column":16},"end":{"line":17,"column":1}},"1":{"start":{"line":21,"column":8},"end":{"line":37,"column":9}}},"fnMap":{"0":{"name":"(anonymous_0)","decl":{"start":{"line":20,"column":4},"end":{"line":20,"column":5}},"loc":{"start":{"line":20,"column":13},"end":{"line":38,"column":5}},"line":20}},"branchMap":{},"s":{"0":1,"1":1},"f":{"0":1},"b":{},"_coverageSchema":"1a1c01bbd47fc00a2c39e90264f33305004495a9","hash":"2647164a6d046cd0ff684d6cfa34ae788baf0053"}
,"E:\\Documents\\EPSI\\projet-auto-test\\src\\markup\\pages\\page-2\\index.jsx": {"path":"E:\\Documents\\EPSI\\projet-auto-test\\src\\markup\\pages\\page-2\\index.jsx","statementMap":{"0":{"start":{"line":6,"column":14},"end":{"line":168,"column":1}},"1":{"start":{"line":7,"column":46},"end":{"line":7,"column":60}},"2":{"start":{"line":8,"column":50},"end":{"line":8,"column":64}},"3":{"start":{"line":9,"column":36},"end":{"line":9,"column":48}},"4":{"start":{"line":10,"column":32},"end":{"line":10,"column":43}},"5":{"start":{"line":11,"column":28},"end":{"line":11,"column":46}},"6":{"start":{"line":12,"column":38},"end":{"line":12,"column":50}},"7":{"start":{"line":13,"column":36},"end":{"line":13,"column":51}},"8":{"start":{"line":14,"column":22},"end":{"line":14,"column":34}},"9":{"start":{"line":16,"column":4},"end":{"line":25,"column":11}},"10":{"start":{"line":17,"column":30},"end":{"line":23,"column":9}},"11":{"start":{"line":18,"column":29},"end":{"line":20,"column":13}},"12":{"start":{"line":19,"column":16},"end":{"line":19,"column":99}},"13":{"start":{"line":21,"column":28},"end":{"line":21,"column":55}},"14":{"start":{"line":22,"column":12},"end":{"line":22,"column":54}},"15":{"start":{"line":22,"column":43},"end":{"line":22,"column":51}},"16":{"start":{"line":24,"column":8},"end":{"line":24,"column":24}},"17":{"start":{"line":27,"column":32},"end":{"line":34,"column":5}},"18":{"start":{"line":28,"column":32},"end":{"line":28,"column":66}},"19":{"start":{"line":29,"column":8},"end":{"line":29,"column":79}},"20":{"start":{"line":30,"column":25},"end":{"line":30,"column":60}},"21":{"start":{"line":31,"column":39},"end":{"line":31,"column":71}},"22":{"start":{"line":32,"column":8},"end":{"line":32,"column":88}},"23":{"start":{"line":33,"column":8},"end":{"line":33,"column":27}},"24":{"start":{"line":36,"column":25},"end":{"line":53,"column":5}},"25":{"start":{"line":37,"column":8},"end":{"line":37,"column":29}},"26":{"start":{"line":37,"column":22},"end":{"line":37,"column":29}},"27":{"start":{"line":39,"column":23},"end":{"line":39,"column":64}},"28":{"start":{"line":40,"column":8},"end":{"line":40,"column":26}},"29":{"start":{"line":41,"column":8},"end":{"line":51,"column":9}},"30":{"start":{"line":42,"column":12},"end":{"line":45,"column":16}},"31":{"start":{"line":42,"column":42},"end":{"line":45,"column":13}},"32":{"start":{"line":47,"column":12},"end":{"line":50,"column":16}},"33":{"start":{"line":47,"column":40},"end":{"line":50,"column":13}},"34":{"start":{"line":52,"column":8},"end":{"line":52,"column":106}},"35":{"start":{"line":52,"column":31},"end":{"line":52,"column":104}},"36":{"start":{"line":55,"column":29},"end":{"line":60,"column":5}},"37":{"start":{"line":56,"column":8},"end":{"line":59,"column":9}},"38":{"start":{"line":57,"column":12},"end":{"line":57,"column":73}},"39":{"start":{"line":58,"column":12},"end":{"line":58,"column":32}},"40":{"start":{"line":62,"column":4},"end":{"line":70,"column":57}},"41":{"start":{"line":63,"column":8},"end":{"line":69,"column":9}},"42":{"start":{"line":64,"column":31},"end":{"line":64,"column":110}},"43":{"start":{"line":65,"column":12},"end":{"line":68,"column":21}},"44":{"start":{"line":66,"column":16},"end":{"line":66,"column":85}},"45":{"start":{"line":67,"column":16},"end":{"line":67,"column":34}},"46":{"start":{"line":72,"column":4},"end":{"line":78,"column":41}},"47":{"start":{"line":73,"column":8},"end":{"line":77,"column":9}},"48":{"start":{"line":74,"column":12},"end":{"line":74,"column":30}},"49":{"start":{"line":75,"column":15},"end":{"line":77,"column":9}},"50":{"start":{"line":76,"column":12},"end":{"line":76,"column":30}},"51":{"start":{"line":80,"column":4},"end":{"line":84,"column":20}},"52":{"start":{"line":81,"column":8},"end":{"line":83,"column":9}},"53":{"start":{"line":82,"column":12},"end":{"line":82,"column":69}},"54":{"start":{"line":86,"column":22},"end":{"line":93,"column":5}},"55":{"start":{"line":87,"column":8},"end":{"line":87,"column":31}},"56":{"start":{"line":88,"column":8},"end":{"line":88,"column":33}},"57":{"start":{"line":89,"column":8},"end":{"line":89,"column":21}},"58":{"start":{"line":90,"column":8},"end":{"line":90,"column":26}},"59":{"start":{"line":91,"column":8},"end":{"line":91,"column":25}},"60":{"start":{"line":92,"column":8},"end":{"line":92,"column":27}},"61":{"start":{"line":95,"column":28},"end":{"line":103,"column":5}},"62":{"start":{"line":96,"column":22},"end":{"line":96,"column":77}},"63":{"start":{"line":98,"column":8},"end":{"line":102,"column":10}},"64":{"start":{"line":105,"column":4},"end":{"line":167,"column":6}},"65":{"start":{"line":114,"column":36},"end":{"line":117,"column":42}},"66":{"start":{"line":114,"column":104},"end":{"line":114,"column":132}},"67":{"start":{"line":141,"column":44},"end":{"line":141,"column":177}},"68":{"start":{"line":141,"column":104},"end":{"line":141,"column":126}},"69":{"start":{"line":147,"column":44},"end":{"line":150,"column":50}}},"fnMap":{"0":{"name":"(anonymous_0)","decl":{"start":{"line":6,"column":14},"end":{"line":6,"column":15}},"loc":{"start":{"line":6,"column":20},"end":{"line":168,"column":1}},"line":6},"1":{"name":"(anonymous_1)","decl":{"start":{"line":16,"column":14},"end":{"line":16,"column":15}},"loc":{"start":{"line":16,"column":20},"end":{"line":25,"column":5}},"line":16},"2":{"name":"(anonymous_2)","decl":{"start":{"line":17,"column":30},"end":{"line":17,"column":31}},"loc":{"start":{"line":17,"column":42},"end":{"line":23,"column":9}},"line":17},"3":{"name":"(anonymous_3)","decl":{"start":{"line":18,"column":56},"end":{"line":18,"column":57}},"loc":{"start":{"line":19,"column":16},"end":{"line":19,"column":99}},"line":19},"4":{"name":"(anonymous_4)","decl":{"start":{"line":22,"column":36},"end":{"line":22,"column":37}},"loc":{"start":{"line":22,"column":43},"end":{"line":22,"column":51}},"line":22},"5":{"name":"(anonymous_5)","decl":{"start":{"line":27,"column":32},"end":{"line":27,"column":33}},"loc":{"start":{"line":27,"column":51},"end":{"line":34,"column":5}},"line":27},"6":{"name":"(anonymous_6)","decl":{"start":{"line":36,"column":25},"end":{"line":36,"column":26}},"loc":{"start":{"line":36,"column":69},"end":{"line":53,"column":5}},"line":36},"7":{"name":"(anonymous_7)","decl":{"start":{"line":42,"column":31},"end":{"line":42,"column":32}},"loc":{"start":{"line":42,"column":42},"end":{"line":45,"column":13}},"line":42},"8":{"name":"(anonymous_8)","decl":{"start":{"line":47,"column":29},"end":{"line":47,"column":30}},"loc":{"start":{"line":47,"column":40},"end":{"line":50,"column":13}},"line":47},"9":{"name":"(anonymous_9)","decl":{"start":{"line":52,"column":21},"end":{"line":52,"column":22}},"loc":{"start":{"line":52,"column":31},"end":{"line":52,"column":104}},"line":52},"10":{"name":"(anonymous_10)","decl":{"start":{"line":55,"column":29},"end":{"line":55,"column":30}},"loc":{"start":{"line":55,"column":39},"end":{"line":60,"column":5}},"line":55},"11":{"name":"(anonymous_11)","decl":{"start":{"line":62,"column":14},"end":{"line":62,"column":15}},"loc":{"start":{"line":62,"column":20},"end":{"line":70,"column":5}},"line":62},"12":{"name":"(anonymous_12)","decl":{"start":{"line":65,"column":23},"end":{"line":65,"column":24}},"loc":{"start":{"line":65,"column":29},"end":{"line":68,"column":13}},"line":65},"13":{"name":"(anonymous_13)","decl":{"start":{"line":72,"column":14},"end":{"line":72,"column":15}},"loc":{"start":{"line":72,"column":20},"end":{"line":78,"column":5}},"line":72},"14":{"name":"(anonymous_14)","decl":{"start":{"line":80,"column":14},"end":{"line":80,"column":15}},"loc":{"start":{"line":80,"column":20},"end":{"line":84,"column":5}},"line":80},"15":{"name":"(anonymous_15)","decl":{"start":{"line":86,"column":22},"end":{"line":86,"column":23}},"loc":{"start":{"line":86,"column":28},"end":{"line":93,"column":5}},"line":86},"16":{"name":"(anonymous_16)","decl":{"start":{"line":95,"column":28},"end":{"line":95,"column":29}},"loc":{"start":{"line":95,"column":44},"end":{"line":103,"column":5}},"line":95},"17":{"name":"(anonymous_17)","decl":{"start":{"line":113,"column":46},"end":{"line":113,"column":47}},"loc":{"start":{"line":114,"column":36},"end":{"line":117,"column":42}},"line":114},"18":{"name":"(anonymous_18)","decl":{"start":{"line":114,"column":98},"end":{"line":114,"column":99}},"loc":{"start":{"line":114,"column":104},"end":{"line":114,"column":132}},"line":114},"19":{"name":"(anonymous_19)","decl":{"start":{"line":140,"column":65},"end":{"line":140,"column":66}},"loc":{"start":{"line":141,"column":44},"end":{"line":141,"column":177}},"line":141},"20":{"name":"(anonymous_20)","decl":{"start":{"line":141,"column":98},"end":{"line":141,"column":99}},"loc":{"start":{"line":141,"column":104},"end":{"line":141,"column":126}},"line":141},"21":{"name":"(anonymous_21)","decl":{"start":{"line":146,"column":55},"end":{"line":146,"column":56}},"loc":{"start":{"line":147,"column":44},"end":{"line":150,"column":50}},"line":147}},"branchMap":{"0":{"loc":{"start":{"line":37,"column":8},"end":{"line":37,"column":29}},"type":"if","locations":[{"start":{"line":37,"column":8},"end":{"line":37,"column":29}},{"start":{},"end":{}}],"line":37},"1":{"loc":{"start":{"line":41,"column":8},"end":{"line":51,"column":9}},"type":"if","locations":[{"start":{"line":41,"column":8},"end":{"line":51,"column":9}},{"start":{"line":46,"column":15},"end":{"line":51,"column":9}}],"line":41},"2":{"loc":{"start":{"line":56,"column":8},"end":{"line":59,"column":9}},"type":"if","locations":[{"start":{"line":56,"column":8},"end":{"line":59,"column":9}},{"start":{},"end":{}}],"line":56},"3":{"loc":{"start":{"line":63,"column":8},"end":{"line":69,"column":9}},"type":"if","locations":[{"start":{"line":63,"column":8},"end":{"line":69,"column":9}},{"start":{},"end":{}}],"line":63},"4":{"loc":{"start":{"line":63,"column":12},"end":{"line":63,"column":80}},"type":"binary-expr","locations":[{"start":{"line":63,"column":12},"end":{"line":63,"column":31}},{"start":{"line":63,"column":35},"end":{"line":63,"column":50}},{"start":{"line":63,"column":54},"end":{"line":63,"column":67}},{"start":{"line":63,"column":71},"end":{"line":63,"column":80}}],"line":63},"5":{"loc":{"start":{"line":73,"column":8},"end":{"line":77,"column":9}},"type":"if","locations":[{"start":{"line":73,"column":8},"end":{"line":77,"column":9}},{"start":{"line":75,"column":15},"end":{"line":77,"column":9}}],"line":73},"6":{"loc":{"start":{"line":73,"column":12},"end":{"line":73,"column":58}},"type":"binary-expr","locations":[{"start":{"line":73,"column":12},"end":{"line":73,"column":25}},{"start":{"line":73,"column":29},"end":{"line":73,"column":58}}],"line":73},"7":{"loc":{"start":{"line":75,"column":15},"end":{"line":77,"column":9}},"type":"if","locations":[{"start":{"line":75,"column":15},"end":{"line":77,"column":9}},{"start":{},"end":{}}],"line":75},"8":{"loc":{"start":{"line":75,"column":19},"end":{"line":75,"column":69}},"type":"binary-expr","locations":[{"start":{"line":75,"column":19},"end":{"line":75,"column":34}},{"start":{"line":75,"column":38},"end":{"line":75,"column":69}}],"line":75},"9":{"loc":{"start":{"line":81,"column":8},"end":{"line":83,"column":9}},"type":"if","locations":[{"start":{"line":81,"column":8},"end":{"line":83,"column":9}},{"start":{},"end":{}}],"line":81},"10":{"loc":{"start":{"line":111,"column":25},"end":{"line":162,"column":25}},"type":"cond-expr","locations":[{"start":{"line":112,"column":28},"end":{"line":119,"column":34}},{"start":{"line":121,"column":28},"end":{"line":161,"column":29}}],"line":111},"11":{"loc":{"start":{"line":121,"column":28},"end":{"line":161,"column":29}},"type":"binary-expr","locations":[{"start":{"line":121,"column":28},"end":{"line":121,"column":43}},{"start":{"line":122,"column":32},"end":{"line":160,"column":38}}],"line":121},"12":{"loc":{"start":{"line":154,"column":37},"end":{"line":159,"column":37}},"type":"binary-expr","locations":[{"start":{"line":154,"column":37},"end":{"line":154,"column":45}},{"start":{"line":155,"column":40},"end":{"line":158,"column":46}}],"line":154},"13":{"loc":{"start":{"line":156,"column":48},"end":{"line":156,"column":127}},"type":"cond-expr","locations":[{"start":{"line":156,"column":81},"end":{"line":156,"column":103}},{"start":{"line":156,"column":106},"end":{"line":156,"column":127}}],"line":156}},"s":{"0":2,"1":2,"2":2,"3":2,"4":2,"5":2,"6":2,"7":2,"8":2,"9":2,"10":2,"11":2,"12":50,"13":2,"14":1,"15":25,"16":2,"17":2,"18":0,"19":0,"20":0,"21":0,"22":0,"23":0,"24":2,"25":0,"26":0,"27":0,"28":0,"29":0,"30":0,"31":0,"32":0,"33":0,"34":0,"35":0,"36":2,"37":0,"38":0,"39":0,"40":2,"41":2,"42":0,"43":0,"44":0,"45":0,"46":2,"47":2,"48":0,"49":2,"50":0,"51":2,"52":2,"53":0,"54":2,"55":0,"56":0,"57":0,"58":0,"59":0,"60":0,"61":2,"62":0,"63":0,"64":2,"65":0,"66":0,"67":0,"68":0,"69":0},"f":{"0":2,"1":2,"2":2,"3":50,"4":25,"5":0,"6":0,"7":0,"8":0,"9":0,"10":0,"11":2,"12":0,"13":2,"14":2,"15":0,"16":0,"17":0,"18":0,"19":0,"20":0,"21":0},"b":{"0":[0,0],"1":[0,0],"2":[0,0],"3":[0,2],"4":[2,0,0,0],"5":[0,2],"6":[2,0],"7":[0,2],"8":[2,0],"9":[0,2],"10":[2,0],"11":[0,0],"12":[0,0],"13":[0,0]},"_coverageSchema":"1a1c01bbd47fc00a2c39e90264f33305004495a9","hash":"08dfb27b95040134a146e8b76800a54d404123a8"}
,"E:\\Documents\\EPSI\\projet-auto-test\\src\\markup\\pages\\page-3\\index.jsx": {"path":"E:\\Documents\\EPSI\\projet-auto-test\\src\\markup\\pages\\page-3\\index.jsx","statementMap":{"0":{"start":{"line":5,"column":13},"end":{"line":21,"column":1}},"1":{"start":{"line":6,"column":24},"end":{"line":10,"column":5}},"2":{"start":{"line":7,"column":8},"end":{"line":9,"column":9}},"3":{"start":{"line":8,"column":12},"end":{"line":8,"column":29}},"4":{"start":{"line":12,"column":4},"end":{"line":20,"column":6}},"5":{"start":{"line":23,"column":34},"end":{"line":33,"column":1}},"6":{"start":{"line":24,"column":21},"end":{"line":26,"column":5}},"7":{"start":{"line":25,"column":8},"end":{"line":25,"column":91}},"8":{"start":{"line":27,"column":20},"end":{"line":27,"column":47}},"9":{"start":{"line":28,"column":4},"end":{"line":32,"column":8}},"10":{"start":{"line":28,"column":38},"end":{"line":32,"column":5}},"11":{"start":{"line":35,"column":28},"end":{"line":37,"column":1}},"12":{"start":{"line":36,"column":4},"end":{"line":36,"column":49}},"13":{"start":{"line":36,"column":28},"end":{"line":36,"column":47}},"14":{"start":{"line":39,"column":25},"end":{"line":59,"column":1}},"15":{"start":{"line":40,"column":4},"end":{"line":40,"column":25}},"16":{"start":{"line":41,"column":4},"end":{"line":41,"column":15}},"17":{"start":{"line":42,"column":4},"end":{"line":42,"column":24}},"18":{"start":{"line":43,"column":4},"end":{"line":43,"column":24}},"19":{"start":{"line":45,"column":28},"end":{"line":45,"column":54}},"20":{"start":{"line":46,"column":26},"end":{"line":51,"column":5}},"21":{"start":{"line":47,"column":74},"end":{"line":50,"column":9}},"22":{"start":{"line":52,"column":4},"end":{"line":52,"column":28}},"23":{"start":{"line":55,"column":21},"end":{"line":57,"column":12}},"24":{"start":{"line":56,"column":8},"end":{"line":56,"column":44}},"25":{"start":{"line":56,"column":30},"end":{"line":56,"column":42}},"26":{"start":{"line":58,"column":4},"end":{"line":58,"column":31}},"27":{"start":{"line":61,"column":31},"end":{"line":78,"column":1}},"28":{"start":{"line":62,"column":4},"end":{"line":62,"column":156}},"29":{"start":{"line":62,"column":63},"end":{"line":62,"column":97}},"30":{"start":{"line":62,"column":149},"end":{"line":62,"column":156}},"31":{"start":{"line":64,"column":4},"end":{"line":64,"column":50}},"32":{"start":{"line":64,"column":30},"end":{"line":64,"column":48}},"33":{"start":{"line":66,"column":4},"end":{"line":77,"column":5}},"34":{"start":{"line":67,"column":8},"end":{"line":76,"column":9}},"35":{"start":{"line":68,"column":12},"end":{"line":68,"column":61}},"36":{"start":{"line":68,"column":38},"end":{"line":68,"column":59}},"37":{"start":{"line":69,"column":12},"end":{"line":69,"column":32}},"38":{"start":{"line":71,"column":12},"end":{"line":71,"column":30}},"39":{"start":{"line":72,"column":12},"end":{"line":75,"column":21}},"40":{"start":{"line":73,"column":16},"end":{"line":73,"column":36}},"41":{"start":{"line":74,"column":16},"end":{"line":74,"column":33}},"42":{"start":{"line":80,"column":14},"end":{"line":152,"column":1}},"43":{"start":{"line":81,"column":42},"end":{"line":81,"column":57}},"44":{"start":{"line":82,"column":28},"end":{"line":82,"column":39}},"45":{"start":{"line":83,"column":30},"end":{"line":83,"column":42}},"46":{"start":{"line":84,"column":44},"end":{"line":84,"column":56}},"47":{"start":{"line":85,"column":44},"end":{"line":85,"column":56}},"48":{"start":{"line":86,"column":34},"end":{"line":86,"column":48}},"49":{"start":{"line":87,"column":46},"end":{"line":87,"column":60}},"50":{"start":{"line":89,"column":4},"end":{"line":93,"column":23}},"51":{"start":{"line":90,"column":8},"end":{"line":92,"column":9}},"52":{"start":{"line":91,"column":12},"end":{"line":91,"column":41}},"53":{"start":{"line":95,"column":4},"end":{"line":151,"column":6}},"54":{"start":{"line":120,"column":40},"end":{"line":125,"column":42}},"55":{"start":{"line":124,"column":59},"end":{"line":124,"column":166}},"56":{"start":{"line":144,"column":47},"end":{"line":144,"column":143}}},"fnMap":{"0":{"name":"(anonymous_0)","decl":{"start":{"line":5,"column":13},"end":{"line":5,"column":14}},"loc":{"start":{"line":5,"column":50},"end":{"line":21,"column":1}},"line":5},"1":{"name":"(anonymous_1)","decl":{"start":{"line":6,"column":24},"end":{"line":6,"column":25}},"loc":{"start":{"line":6,"column":30},"end":{"line":10,"column":5}},"line":6},"2":{"name":"(anonymous_2)","decl":{"start":{"line":23,"column":34},"end":{"line":23,"column":35}},"loc":{"start":{"line":23,"column":46},"end":{"line":33,"column":1}},"line":23},"3":{"name":"(anonymous_3)","decl":{"start":{"line":24,"column":47},"end":{"line":24,"column":48}},"loc":{"start":{"line":25,"column":8},"end":{"line":25,"column":91}},"line":25},"4":{"name":"(anonymous_4)","decl":{"start":{"line":28,"column":23},"end":{"line":28,"column":24}},"loc":{"start":{"line":28,"column":38},"end":{"line":32,"column":5}},"line":28},"5":{"name":"(anonymous_5)","decl":{"start":{"line":35,"column":28},"end":{"line":35,"column":29}},"loc":{"start":{"line":35,"column":39},"end":{"line":37,"column":1}},"line":35},"6":{"name":"(anonymous_6)","decl":{"start":{"line":36,"column":22},"end":{"line":36,"column":23}},"loc":{"start":{"line":36,"column":28},"end":{"line":36,"column":47}},"line":36},"7":{"name":"(anonymous_7)","decl":{"start":{"line":39,"column":25},"end":{"line":39,"column":26}},"loc":{"start":{"line":39,"column":122},"end":{"line":59,"column":1}},"line":39},"8":{"name":"(anonymous_8)","decl":{"start":{"line":47,"column":53},"end":{"line":47,"column":54}},"loc":{"start":{"line":47,"column":74},"end":{"line":50,"column":9}},"line":47},"9":{"name":"(anonymous_9)","decl":{"start":{"line":55,"column":33},"end":{"line":55,"column":34}},"loc":{"start":{"line":55,"column":39},"end":{"line":57,"column":5}},"line":55},"10":{"name":"(anonymous_10)","decl":{"start":{"line":56,"column":16},"end":{"line":56,"column":17}},"loc":{"start":{"line":56,"column":30},"end":{"line":56,"column":42}},"line":56},"11":{"name":"(anonymous_11)","decl":{"start":{"line":61,"column":31},"end":{"line":61,"column":32}},"loc":{"start":{"line":61,"column":127},"end":{"line":78,"column":1}},"line":61},"12":{"name":"(anonymous_12)","decl":{"start":{"line":62,"column":55},"end":{"line":62,"column":56}},"loc":{"start":{"line":62,"column":63},"end":{"line":62,"column":97}},"line":62},"13":{"name":"(anonymous_13)","decl":{"start":{"line":64,"column":20},"end":{"line":64,"column":21}},"loc":{"start":{"line":64,"column":30},"end":{"line":64,"column":48}},"line":64},"14":{"name":"(anonymous_14)","decl":{"start":{"line":68,"column":28},"end":{"line":68,"column":29}},"loc":{"start":{"line":68,"column":38},"end":{"line":68,"column":59}},"line":68},"15":{"name":"(anonymous_15)","decl":{"start":{"line":72,"column":23},"end":{"line":72,"column":24}},"loc":{"start":{"line":72,"column":29},"end":{"line":75,"column":13}},"line":72},"16":{"name":"(anonymous_16)","decl":{"start":{"line":80,"column":14},"end":{"line":80,"column":15}},"loc":{"start":{"line":80,"column":20},"end":{"line":152,"column":1}},"line":80},"17":{"name":"(anonymous_17)","decl":{"start":{"line":89,"column":14},"end":{"line":89,"column":15}},"loc":{"start":{"line":89,"column":20},"end":{"line":93,"column":5}},"line":89},"18":{"name":"(anonymous_18)","decl":{"start":{"line":119,"column":47},"end":{"line":119,"column":48}},"loc":{"start":{"line":120,"column":40},"end":{"line":125,"column":42}},"line":120},"19":{"name":"(anonymous_19)","decl":{"start":{"line":124,"column":53},"end":{"line":124,"column":54}},"loc":{"start":{"line":124,"column":59},"end":{"line":124,"column":166}},"line":124},"20":{"name":"(anonymous_20)","decl":{"start":{"line":144,"column":41},"end":{"line":144,"column":42}},"loc":{"start":{"line":144,"column":47},"end":{"line":144,"column":143}},"line":144}},"branchMap":{"0":{"loc":{"start":{"line":7,"column":8},"end":{"line":9,"column":9}},"type":"if","locations":[{"start":{"line":7,"column":8},"end":{"line":9,"column":9}},{"start":{},"end":{}}],"line":7},"1":{"loc":{"start":{"line":14,"column":13},"end":{"line":18,"column":13}},"type":"cond-expr","locations":[{"start":{"line":15,"column":16},"end":{"line":15,"column":62}},{"start":{"line":17,"column":16},"end":{"line":17,"column":61}}],"line":14},"2":{"loc":{"start":{"line":62,"column":4},"end":{"line":62,"column":156}},"type":"if","locations":[{"start":{"line":62,"column":4},"end":{"line":62,"column":156}},{"start":{},"end":{}}],"line":62},"3":{"loc":{"start":{"line":62,"column":8},"end":{"line":62,"column":147}},"type":"binary-expr","locations":[{"start":{"line":62,"column":8},"end":{"line":62,"column":33}},{"start":{"line":62,"column":37},"end":{"line":62,"column":98}},{"start":{"line":62,"column":102},"end":{"line":62,"column":135}},{"start":{"line":62,"column":139},"end":{"line":62,"column":147}}],"line":62},"4":{"loc":{"start":{"line":66,"column":4},"end":{"line":77,"column":5}},"type":"if","locations":[{"start":{"line":66,"column":4},"end":{"line":77,"column":5}},{"start":{},"end":{}}],"line":66},"5":{"loc":{"start":{"line":67,"column":8},"end":{"line":76,"column":9}},"type":"if","locations":[{"start":{"line":67,"column":8},"end":{"line":76,"column":9}},{"start":{"line":70,"column":15},"end":{"line":76,"column":9}}],"line":67},"6":{"loc":{"start":{"line":90,"column":8},"end":{"line":92,"column":9}},"type":"if","locations":[{"start":{"line":90,"column":8},"end":{"line":92,"column":9}},{"start":{},"end":{}}],"line":90},"7":{"loc":{"start":{"line":99,"column":17},"end":{"line":148,"column":17}},"type":"cond-expr","locations":[{"start":{"line":100,"column":20},"end":{"line":130,"column":23}},{"start":{"line":132,"column":20},"end":{"line":147,"column":23}}],"line":99},"8":{"loc":{"start":{"line":101,"column":25},"end":{"line":129,"column":25}},"type":"cond-expr","locations":[{"start":{"line":102,"column":28},"end":{"line":114,"column":34}},{"start":{"line":116,"column":28},"end":{"line":128,"column":31}}],"line":101},"9":{"loc":{"start":{"line":123,"column":55},"end":{"line":123,"column":122}},"type":"binary-expr","locations":[{"start":{"line":123,"column":55},"end":{"line":123,"column":85}},{"start":{"line":123,"column":89},"end":{"line":123,"column":122}}],"line":123}},"s":{"0":1,"1":0,"2":0,"3":0,"4":0,"5":1,"6":1,"7":9,"8":1,"9":1,"10":9,"11":1,"12":2,"13":57,"14":1,"15":1,"16":1,"17":1,"18":1,"19":1,"20":1,"21":18,"22":1,"23":1,"24":1,"25":1,"26":1,"27":1,"28":3,"29":2,"30":0,"31":3,"32":3,"33":3,"34":2,"35":1,"36":1,"37":1,"38":1,"39":1,"40":1,"41":1,"42":1,"43":0,"44":0,"45":0,"46":0,"47":0,"48":0,"49":0,"50":0,"51":0,"52":0,"53":0,"54":0,"55":0,"56":0},"f":{"0":0,"1":0,"2":1,"3":9,"4":9,"5":2,"6":57,"7":1,"8":18,"9":1,"10":1,"11":3,"12":2,"13":3,"14":1,"15":1,"16":0,"17":0,"18":0,"19":0,"20":0},"b":{"0":[0,0],"1":[0,0],"2":[0,3],"3":[3,3,3,3],"4":[2,1],"5":[1,1],"6":[0,0],"7":[0,0],"8":[0,0],"9":[0,0]},"_coverageSchema":"1a1c01bbd47fc00a2c39e90264f33305004495a9","hash":"3f8977e73d702392636e6000bf31cc9a407fe76e"}
,"E:\\Documents\\EPSI\\projet-auto-test\\src\\markup\\utils\\pokemonUtil.jsx": {"path":"E:\\Documents\\EPSI\\projet-auto-test\\src\\markup\\utils\\pokemonUtil.jsx","statementMap":{"0":{"start":{"line":4,"column":29},"end":{"line":11,"column":1}},"1":{"start":{"line":5,"column":21},"end":{"line":5,"column":45}},"2":{"start":{"line":6,"column":4},"end":{"line":10,"column":6}},"3":{"start":{"line":13,"column":32},"end":{"line":26,"column":1}},"4":{"start":{"line":14,"column":21},"end":{"line":14,"column":84}},"5":{"start":{"line":15,"column":32},"end":{"line":15,"column":105}},"6":{"start":{"line":15,"column":76},"end":{"line":15,"column":104}},"7":{"start":{"line":16,"column":24},"end":{"line":16,"column":62}},"8":{"start":{"line":18,"column":4},"end":{"line":25,"column":6}},"9":{"start":{"line":28,"column":31},"end":{"line":36,"column":1}},"10":{"start":{"line":29,"column":23},"end":{"line":29,"column":89}},"11":{"start":{"line":29,"column":51},"end":{"line":29,"column":78}},"12":{"start":{"line":30,"column":24},"end":{"line":30,"column":91}},"13":{"start":{"line":30,"column":52},"end":{"line":30,"column":80}},"14":{"start":{"line":31,"column":23},"end":{"line":31,"column":88}},"15":{"start":{"line":33,"column":25},"end":{"line":33,"column":58}},"16":{"start":{"line":34,"column":19},"end":{"line":34,"column":103}},"17":{"start":{"line":35,"column":4},"end":{"line":35,"column":30}}},"fnMap":{"0":{"name":"(anonymous_0)","decl":{"start":{"line":4,"column":29},"end":{"line":4,"column":30}},"loc":{"start":{"line":4,"column":48},"end":{"line":11,"column":1}},"line":4},"1":{"name":"(anonymous_1)","decl":{"start":{"line":13,"column":32},"end":{"line":13,"column":33}},"loc":{"start":{"line":13,"column":53},"end":{"line":26,"column":1}},"line":13},"2":{"name":"(anonymous_2)","decl":{"start":{"line":15,"column":68},"end":{"line":15,"column":69}},"loc":{"start":{"line":15,"column":76},"end":{"line":15,"column":104}},"line":15},"3":{"name":"(anonymous_3)","decl":{"start":{"line":28,"column":31},"end":{"line":28,"column":32}},"loc":{"start":{"line":28,"column":61},"end":{"line":36,"column":1}},"line":28},"4":{"name":"(anonymous_4)","decl":{"start":{"line":29,"column":43},"end":{"line":29,"column":44}},"loc":{"start":{"line":29,"column":51},"end":{"line":29,"column":78}},"line":29},"5":{"name":"(anonymous_5)","decl":{"start":{"line":30,"column":44},"end":{"line":30,"column":45}},"loc":{"start":{"line":30,"column":52},"end":{"line":30,"column":80}},"line":30}},"branchMap":{"0":{"loc":{"start":{"line":9,"column":15},"end":{"line":9,"column":107}},"type":"cond-expr","locations":[{"start":{"line":9,"column":83},"end":{"line":9,"column":102}},{"start":{"line":9,"column":105},"end":{"line":9,"column":107}}],"line":9},"1":{"loc":{"start":{"line":9,"column":15},"end":{"line":9,"column":80}},"type":"binary-expr","locations":[{"start":{"line":9,"column":15},"end":{"line":9,"column":43}},{"start":{"line":9,"column":47},"end":{"line":9,"column":80}}],"line":9},"2":{"loc":{"start":{"line":31,"column":23},"end":{"line":31,"column":88}},"type":"cond-expr","locations":[{"start":{"line":31,"column":73},"end":{"line":31,"column":83}},{"start":{"line":31,"column":86},"end":{"line":31,"column":88}}],"line":31},"3":{"loc":{"start":{"line":31,"column":23},"end":{"line":31,"column":70}},"type":"binary-expr","locations":[{"start":{"line":31,"column":23},"end":{"line":31,"column":42}},{"start":{"line":31,"column":46},"end":{"line":31,"column":70}}],"line":31}},"s":{"0":3,"1":5,"2":5,"3":3,"4":2,"5":1,"6":4,"7":1,"8":1,"9":3,"10":2,"11":2,"12":2,"13":2,"14":2,"15":2,"16":2,"17":2},"f":{"0":5,"1":2,"2":4,"3":2,"4":2,"5":2},"b":{"0":[5,0],"1":[5,5],"2":[2,0],"3":[2,2]},"_coverageSchema":"1a1c01bbd47fc00a2c39e90264f33305004495a9","hash":"7a273ee38f7857908fab651c0c2eb10d43872aa1"}
}
